<?xml version="1.0" encoding="UTF-8"?>
<!-- Generated by org.testng.reporters.JUnitReportReporter -->
<testsuite hostname="Promit-PC" failures="0" tests="1" name="RestTestMain.ResendMailVerify" time="1.435" errors="0" timestamp="2022-05-25T14:49:10 IST" skipped="0">
  <testcase classname="RestTestMain.ResendMailVerify" name="ResendMailVerification" time="1.435"/>
  <system-out/>
</testsuite> <!-- RestTestMain.ResendMailVerify -->
