<?xml version="1.0" encoding="UTF-8"?>
<!-- Generated by org.testng.reporters.JUnitReportReporter -->
<testsuite hostname="Promit-PC" failures="0" tests="1" name="RestTestMain.TwoFactorAuth" time="3.714" errors="0" timestamp="2022-05-25T12:16:53 IST" skipped="0">
  <testcase classname="RestTestMain.TwoFactorAuth" name="TwoFactor" time="3.714"/>
  <system-out/>
</testsuite> <!-- RestTestMain.TwoFactorAuth -->
