<?xml version="1.0" encoding="UTF-8"?>
<!-- Generated by org.testng.reporters.JUnitReportReporter -->
<testsuite hostname="Promit-PC" failures="0" tests="1" name="RestTestMain.Login" time="1.401" errors="0" timestamp="2022-05-25T14:49:10 IST" skipped="0">
  <testcase classname="RestTestMain.Login" name="LoginCheck" time="1.401"/>
  <system-out/>
</testsuite> <!-- RestTestMain.Login -->
