<?xml version="1.0" encoding="UTF-8"?>
<!-- Generated by org.testng.reporters.JUnitReportReporter -->
<testsuite hostname="Promit-PC" failures="0" tests="3" name="LibraryAPI.DynamicJson" time="1.905" errors="0" timestamp="2022-05-12T16:26:21 IST" skipped="0">
  <testcase classname="LibraryAPI.DynamicJson" name="addBook" time="1.587"/>
  <system-out/>
  <testcase classname="LibraryAPI.DynamicJson" name="addBook" time="0.168"/>
  <system-out/>
  <testcase classname="LibraryAPI.DynamicJson" name="addBook" time="0.150"/>
  <system-out/>
</testsuite> <!-- LibraryAPI.DynamicJson -->
