<?xml version="1.0" encoding="UTF-8"?>
<!-- Generated by org.testng.reporters.JUnitReportReporter -->
<testsuite hostname="Promit-PC" failures="0" tests="1" name="SumValidation" time="0.931" errors="0" timestamp="2022-05-12T11:14:53 IST" skipped="0">
  <testcase classname="SumValidation" name="SumCoursesPrice" time="0.931"/>
  <system-out/>
</testsuite> <!-- SumValidation -->
