<?xml version="1.0" encoding="UTF-8"?>
<!-- Generated by org.testng.reporters.JUnitReportReporter -->
<testsuite hostname="Promit-PC" failures="0" tests="1" name="RestTestMain.UpdateProfile" time="3.993" errors="0" timestamp="2022-05-25T15:47:14 IST" skipped="0">
  <testcase classname="RestTestMain.UpdateProfile" name="UpdateProfileInfo" time="3.993"/>
  <system-out/>
</testsuite> <!-- RestTestMain.UpdateProfile -->
